<?xml version="1.0" encoding="UTF-8"?>
<testsuite xmlns:xsi="http://www.w3.org/2001/XMLSchema-instance" xsi:noNamespaceSchemaLocation="https://maven.apache.org/surefire/maven-surefire-plugin/xsd/surefire-test-report.xsd" name="com.forgerock.openbanking.exercise.tpp.payment.PaymentApiTest" time="36.675" tests="1" errors="1" skipped="0" failures="0">
  <properties>
    <property name="gopherProxySet" value="false"/>
    <property name="awt.toolkit" value="sun.lwawt.macosx.LWCToolkit"/>
    <property name="file.encoding.pkg" value="sun.io"/>
    <property name="java.specification.version" value="1.8"/>
    <property name="sun.cpu.isalist" value=""/>
    <property name="sun.jnu.encoding" value="UTF-8"/>
    <property name="java.class.path" value="/Users/athemistou/Workspace/fr-obri-exercise/forgerock-openbanking-excercise-tpp/target/test-classes:/Users/athemistou/Workspace/fr-obri-exercise/forgerock-openbanking-excercise-tpp/target/classes:/Users/athemistou/.m2/repository/org/springframework/boot/spring-boot-starter-test/2.0.4.RELEASE/spring-boot-starter-test-2.0.4.RELEASE.jar:/Users/athemistou/.m2/repository/org/springframework/boot/spring-boot-starter/2.0.4.RELEASE/spring-boot-starter-2.0.4.RELEASE.jar:/Users/athemistou/.m2/repository/org/springframework/boot/spring-boot/2.0.4.RELEASE/spring-boot-2.0.4.RELEASE.jar:/Users/athemistou/.m2/repository/org/springframework/boot/spring-boot-autoconfigure/2.0.4.RELEASE/spring-boot-autoconfigure-2.0.4.RELEASE.jar:/Users/athemistou/.m2/repository/org/springframework/boot/spring-boot-starter-logging/2.0.4.RELEASE/spring-boot-starter-logging-2.0.4.RELEASE.jar:/Users/athemistou/.m2/repository/ch/qos/logback/logback-classic/1.2.3/logback-classic-1.2.3.jar:/Users/athemistou/.m2/repository/org/apache/logging/log4j/log4j-to-slf4j/2.10.0/log4j-to-slf4j-2.10.0.jar:/Users/athemistou/.m2/repository/org/apache/logging/log4j/log4j-api/2.10.0/log4j-api-2.10.0.jar:/Users/athemistou/.m2/repository/org/slf4j/jul-to-slf4j/1.7.6/jul-to-slf4j-1.7.6.jar:/Users/athemistou/.m2/repository/javax/annotation/javax.annotation-api/1.3.2/javax.annotation-api-1.3.2.jar:/Users/athemistou/.m2/repository/org/yaml/snakeyaml/1.19/snakeyaml-1.19.jar:/Users/athemistou/.m2/repository/org/springframework/boot/spring-boot-test/2.0.4.RELEASE/spring-boot-test-2.0.4.RELEASE.jar:/Users/athemistou/.m2/repository/org/springframework/boot/spring-boot-test-autoconfigure/2.0.4.RELEASE/spring-boot-test-autoconfigure-2.0.4.RELEASE.jar:/Users/athemistou/.m2/repository/com/jayway/jsonpath/json-path/2.4.0/json-path-2.4.0.jar:/Users/athemistou/.m2/repository/org/assertj/assertj-core/3.9.1/assertj-core-3.9.1.jar:/Users/athemistou/.m2/repository/org/mockito/mockito-core/2.15.0/mockito-core-2.15.0.jar:/Users/athemistou/.m2/repository/net/bytebuddy/byte-buddy-agent/1.7.11/byte-buddy-agent-1.7.11.jar:/Users/athemistou/.m2/repository/org/objenesis/objenesis/2.6/objenesis-2.6.jar:/Users/athemistou/.m2/repository/org/hamcrest/hamcrest-core/1.3/hamcrest-core-1.3.jar:/Users/athemistou/.m2/repository/org/hamcrest/hamcrest-library/1.3/hamcrest-library-1.3.jar:/Users/athemistou/.m2/repository/org/skyscreamer/jsonassert/1.5.0/jsonassert-1.5.0.jar:/Users/athemistou/.m2/repository/com/vaadin/external/google/android-json/0.0.20131108.vaadin1/android-json-0.0.20131108.vaadin1.jar:/Users/athemistou/.m2/repository/org/springframework/spring-core/5.0.8.RELEASE/spring-core-5.0.8.RELEASE.jar:/Users/athemistou/.m2/repository/org/springframework/spring-jcl/5.0.8.RELEASE/spring-jcl-5.0.8.RELEASE.jar:/Users/athemistou/.m2/repository/org/springframework/spring-test/5.0.8.RELEASE/spring-test-5.0.8.RELEASE.jar:/Users/athemistou/.m2/repository/org/xmlunit/xmlunit-core/2.5.1/xmlunit-core-2.5.1.jar:/Users/athemistou/.m2/repository/org/springframework/restdocs/spring-restdocs-mockmvc/2.0.2.RELEASE/spring-restdocs-mockmvc-2.0.2.RELEASE.jar:/Users/athemistou/.m2/repository/javax/servlet/javax.servlet-api/3.1.0/javax.servlet-api-3.1.0.jar:/Users/athemistou/.m2/repository/org/springframework/restdocs/spring-restdocs-core/2.0.2.RELEASE/spring-restdocs-core-2.0.2.RELEASE.jar:/Users/athemistou/.m2/repository/org/springframework/spring-webmvc/5.0.8.RELEASE/spring-webmvc-5.0.8.RELEASE.jar:/Users/athemistou/.m2/repository/org/springframework/spring-aop/5.0.8.RELEASE/spring-aop-5.0.8.RELEASE.jar:/Users/athemistou/.m2/repository/org/springframework/spring-beans/5.0.8.RELEASE/spring-beans-5.0.8.RELEASE.jar:/Users/athemistou/.m2/repository/org/springframework/spring-context/5.0.8.RELEASE/spring-context-5.0.8.RELEASE.jar:/Users/athemistou/.m2/repository/org/springframework/spring-expression/5.0.8.RELEASE/spring-expression-5.0.8.RELEASE.jar:/Users/athemistou/.m2/repository/com/nimbusds/nimbus-jose-jwt/6.0/nimbus-jose-jwt-6.0.jar:/Users/athemistou/.m2/repository/com/github/stephenc/jcip/jcip-annotations/1.0-1/jcip-annotations-1.0-1.jar:/Users/athemistou/.m2/repository/net/minidev/json-smart/2.3/json-smart-2.3.jar:/Users/athemistou/.m2/repository/net/minidev/accessors-smart/1.2/accessors-smart-1.2.jar:/Users/athemistou/.m2/repository/org/ow2/asm/asm/5.0.4/asm-5.0.4.jar:/Users/athemistou/.m2/repository/org/bouncycastle/bcprov-jdk15on/1.58/bcprov-jdk15on-1.58.jar:/Users/athemistou/.m2/repository/org/slf4j/slf4j-api/1.7.6/slf4j-api-1.7.6.jar:/Users/athemistou/.m2/repository/org/springframework/boot/spring-boot-starter-data-mongodb/2.0.4.RELEASE/spring-boot-starter-data-mongodb-2.0.4.RELEASE.jar:/Users/athemistou/.m2/repository/org/mongodb/mongodb-driver/3.6.4/mongodb-driver-3.6.4.jar:/Users/athemistou/.m2/repository/org/mongodb/bson/3.6.4/bson-3.6.4.jar:/Users/athemistou/.m2/repository/org/mongodb/mongodb-driver-core/3.6.4/mongodb-driver-core-3.6.4.jar:/Users/athemistou/.m2/repository/org/springframework/data/spring-data-mongodb/2.0.9.RELEASE/spring-data-mongodb-2.0.9.RELEASE.jar:/Users/athemistou/.m2/repository/org/springframework/spring-tx/5.0.8.RELEASE/spring-tx-5.0.8.RELEASE.jar:/Users/athemistou/.m2/repository/org/springframework/data/spring-data-commons/2.0.9.RELEASE/spring-data-commons-2.0.9.RELEASE.jar:/Users/athemistou/.m2/repository/de/flapdoodle/embed/de.flapdoodle.embed.mongo/2.0.3/de.flapdoodle.embed.mongo-2.0.3.jar:/Users/athemistou/.m2/repository/de/flapdoodle/embed/de.flapdoodle.embed.process/2.0.2/de.flapdoodle.embed.process-2.0.2.jar:/Users/athemistou/.m2/repository/net/java/dev/jna/jna/4.5.2/jna-4.5.2.jar:/Users/athemistou/.m2/repository/net/java/dev/jna/jna-platform/4.5.2/jna-platform-4.5.2.jar:/Users/athemistou/.m2/repository/org/apache/commons/commons-compress/1.10/commons-compress-1.10.jar:/Users/athemistou/.m2/repository/cz/jirutka/spring/embedmongo-spring/1.3.1/embedmongo-spring-1.3.1.jar:/Users/athemistou/.m2/repository/org/mongodb/mongo-java-driver/3.6.4/mongo-java-driver-3.6.4.jar:/Users/athemistou/.m2/repository/org/springframework/boot/spring-boot-starter-thymeleaf/2.0.4.RELEASE/spring-boot-starter-thymeleaf-2.0.4.RELEASE.jar:/Users/athemistou/.m2/repository/org/thymeleaf/thymeleaf-spring5/3.0.9.RELEASE/thymeleaf-spring5-3.0.9.RELEASE.jar:/Users/athemistou/.m2/repository/org/thymeleaf/thymeleaf/3.0.9.RELEASE/thymeleaf-3.0.9.RELEASE.jar:/Users/athemistou/.m2/repository/org/attoparser/attoparser/2.0.4.RELEASE/attoparser-2.0.4.RELEASE.jar:/Users/athemistou/.m2/repository/org/unbescape/unbescape/1.1.5.RELEASE/unbescape-1.1.5.RELEASE.jar:/Users/athemistou/.m2/repository/org/thymeleaf/extras/thymeleaf-extras-java8time/3.0.1.RELEASE/thymeleaf-extras-java8time-3.0.1.RELEASE.jar:/Users/athemistou/.m2/repository/uk/org/openbanking/openbanking-sdk/2.0.0.7/openbanking-sdk-2.0.0.7.jar:/Users/athemistou/.m2/repository/com/fasterxml/jackson/core/jackson-databind/2.9.6/jackson-databind-2.9.6.jar:/Users/athemistou/.m2/repository/com/fasterxml/jackson/core/jackson-annotations/2.9.0/jackson-annotations-2.9.0.jar:/Users/athemistou/.m2/repository/com/fasterxml/jackson/core/jackson-core/2.9.6/jackson-core-2.9.6.jar:/Users/athemistou/.m2/repository/io/springfox/springfox-swagger2/2.9.2/springfox-swagger2-2.9.2.jar:/Users/athemistou/.m2/repository/io/swagger/swagger-annotations/1.5.20/swagger-annotations-1.5.20.jar:/Users/athemistou/.m2/repository/io/swagger/swagger-models/1.5.20/swagger-models-1.5.20.jar:/Users/athemistou/.m2/repository/io/springfox/springfox-spi/2.9.2/springfox-spi-2.9.2.jar:/Users/athemistou/.m2/repository/io/springfox/springfox-core/2.9.2/springfox-core-2.9.2.jar:/Users/athemistou/.m2/repository/io/springfox/springfox-schema/2.9.2/springfox-schema-2.9.2.jar:/Users/athemistou/.m2/repository/io/springfox/springfox-swagger-common/2.9.2/springfox-swagger-common-2.9.2.jar:/Users/athemistou/.m2/repository/io/springfox/springfox-spring-web/2.9.2/springfox-spring-web-2.9.2.jar:/Users/athemistou/.m2/repository/com/fasterxml/classmate/1.3.4/classmate-1.3.4.jar:/Users/athemistou/.m2/repository/org/springframework/plugin/spring-plugin-core/1.2.0.RELEASE/spring-plugin-core-1.2.0.RELEASE.jar:/Users/athemistou/.m2/repository/org/springframework/plugin/spring-plugin-metadata/1.2.0.RELEASE/spring-plugin-metadata-1.2.0.RELEASE.jar:/Users/athemistou/.m2/repository/org/mapstruct/mapstruct/1.2.0.Final/mapstruct-1.2.0.Final.jar:/Users/athemistou/.m2/repository/io/springfox/springfox-swagger-ui/2.9.2/springfox-swagger-ui-2.9.2.jar:/Users/athemistou/.m2/repository/org/springframework/boot/spring-boot-starter-web/2.0.4.RELEASE/spring-boot-starter-web-2.0.4.RELEASE.jar:/Users/athemistou/.m2/repository/org/springframework/boot/spring-boot-starter-json/2.0.4.RELEASE/spring-boot-starter-json-2.0.4.RELEASE.jar:/Users/athemistou/.m2/repository/com/fasterxml/jackson/datatype/jackson-datatype-jdk8/2.9.6/jackson-datatype-jdk8-2.9.6.jar:/Users/athemistou/.m2/repository/com/fasterxml/jackson/datatype/jackson-datatype-jsr310/2.9.6/jackson-datatype-jsr310-2.9.6.jar:/Users/athemistou/.m2/repository/com/fasterxml/jackson/module/jackson-module-parameter-names/2.9.6/jackson-module-parameter-names-2.9.6.jar:/Users/athemistou/.m2/repository/org/springframework/boot/spring-boot-starter-tomcat/2.0.4.RELEASE/spring-boot-starter-tomcat-2.0.4.RELEASE.jar:/Users/athemistou/.m2/repository/org/apache/tomcat/embed/tomcat-embed-core/8.5.32/tomcat-embed-core-8.5.32.jar:/Users/athemistou/.m2/repository/org/apache/tomcat/embed/tomcat-embed-el/8.5.32/tomcat-embed-el-8.5.32.jar:/Users/athemistou/.m2/repository/org/apache/tomcat/embed/tomcat-embed-websocket/8.5.32/tomcat-embed-websocket-8.5.32.jar:/Users/athemistou/.m2/repository/org/hibernate/validator/hibernate-validator/6.0.11.Final/hibernate-validator-6.0.11.Final.jar:/Users/athemistou/.m2/repository/javax/validation/validation-api/2.0.1.Final/validation-api-2.0.1.Final.jar:/Users/athemistou/.m2/repository/org/jboss/logging/jboss-logging/3.3.2.Final/jboss-logging-3.3.2.Final.jar:/Users/athemistou/.m2/repository/org/springframework/spring-web/5.0.8.RELEASE/spring-web-5.0.8.RELEASE.jar:/Users/athemistou/.m2/repository/joda-time/joda-time/2.9.9/joda-time-2.9.9.jar:/Users/athemistou/.m2/repository/net/logstash/logback/logstash-logback-encoder/4.11/logstash-logback-encoder-4.11.jar:/Users/athemistou/.m2/repository/ch/qos/logback/logback-core/1.2.3/logback-core-1.2.3.jar:/Users/athemistou/.m2/repository/org/apache/httpcomponents/httpclient/4.5.3/httpclient-4.5.3.jar:/Users/athemistou/.m2/repository/org/apache/httpcomponents/httpcore/4.4.10/httpcore-4.4.10.jar:/Users/athemistou/.m2/repository/commons-logging/commons-logging/1.2/commons-logging-1.2.jar:/Users/athemistou/.m2/repository/commons-codec/commons-codec/1.11/commons-codec-1.11.jar:/Users/athemistou/.m2/repository/org/seleniumhq/selenium/selenium-java/3.14.0/selenium-java-3.14.0.jar:/Users/athemistou/.m2/repository/org/seleniumhq/selenium/selenium-api/3.14.0/selenium-api-3.14.0.jar:/Users/athemistou/.m2/repository/org/seleniumhq/selenium/selenium-chrome-driver/3.14.0/selenium-chrome-driver-3.14.0.jar:/Users/athemistou/.m2/repository/org/seleniumhq/selenium/selenium-edge-driver/3.14.0/selenium-edge-driver-3.14.0.jar:/Users/athemistou/.m2/repository/org/seleniumhq/selenium/selenium-firefox-driver/3.14.0/selenium-firefox-driver-3.14.0.jar:/Users/athemistou/.m2/repository/org/seleniumhq/selenium/selenium-ie-driver/3.14.0/selenium-ie-driver-3.14.0.jar:/Users/athemistou/.m2/repository/org/seleniumhq/selenium/selenium-opera-driver/3.14.0/selenium-opera-driver-3.14.0.jar:/Users/athemistou/.m2/repository/org/seleniumhq/selenium/selenium-remote-driver/3.14.0/selenium-remote-driver-3.14.0.jar:/Users/athemistou/.m2/repository/org/seleniumhq/selenium/selenium-safari-driver/3.14.0/selenium-safari-driver-3.14.0.jar:/Users/athemistou/.m2/repository/org/seleniumhq/selenium/selenium-support/3.14.0/selenium-support-3.14.0.jar:/Users/athemistou/.m2/repository/net/bytebuddy/byte-buddy/1.7.11/byte-buddy-1.7.11.jar:/Users/athemistou/.m2/repository/org/apache/commons/commons-exec/1.3/commons-exec-1.3.jar:/Users/athemistou/.m2/repository/com/google/guava/guava/25.0-jre/guava-25.0-jre.jar:/Users/athemistou/.m2/repository/com/google/code/findbugs/jsr305/1.3.9/jsr305-1.3.9.jar:/Users/athemistou/.m2/repository/org/checkerframework/checker-compat-qual/2.0.0/checker-compat-qual-2.0.0.jar:/Users/athemistou/.m2/repository/com/google/errorprone/error_prone_annotations/2.1.3/error_prone_annotations-2.1.3.jar:/Users/athemistou/.m2/repository/com/google/j2objc/j2objc-annotations/1.1/j2objc-annotations-1.1.jar:/Users/athemistou/.m2/repository/org/codehaus/mojo/animal-sniffer-annotations/1.14/animal-sniffer-annotations-1.14.jar:/Users/athemistou/.m2/repository/com/squareup/okhttp3/okhttp/3.8.1/okhttp-3.8.1.jar:/Users/athemistou/.m2/repository/com/squareup/okio/okio/1.14.1/okio-1.14.1.jar:/Users/athemistou/.m2/repository/junit/junit/4.12/junit-4.12.jar:/Users/athemistou/.m2/repository/io/github/bonigarcia/webdrivermanager/3.0.0/webdrivermanager-3.0.0.jar:/Users/athemistou/.m2/repository/commons-io/commons-io/2.6/commons-io-2.6.jar:/Users/athemistou/.m2/repository/com/google/code/gson/gson/2.8.5/gson-2.8.5.jar:/Users/athemistou/.m2/repository/org/apache/commons/commons-lang3/3.7/commons-lang3-3.7.jar:/Users/athemistou/.m2/repository/org/rauschig/jarchivelib/0.8.0/jarchivelib-0.8.0.jar:/Users/athemistou/.m2/repository/org/jsoup/jsoup/1.11.3/jsoup-1.11.3.jar:"/>
    <property name="java.vm.vendor" value="Oracle Corporation"/>
    <property name="sun.arch.data.model" value="64"/>
    <property name="java.vendor.url" value="http://java.oracle.com/"/>
    <property name="user.timezone" value=""/>
    <property name="user.country.format" value="EN"/>
    <property name="java.vm.specification.version" value="1.8"/>
    <property name="os.name" value="Mac OS X"/>
    <property name="user.country" value="US"/>
    <property name="sun.java.launcher" value="SUN_STANDARD"/>
    <property name="sun.boot.library.path" value="/Library/Java/JavaVirtualMachines/jdk1.8.0_151.jdk/Contents/Home/jre/lib"/>
    <property name="sun.java.command" value="/Users/athemistou/Workspace/fr-obri-exercise/forgerock-openbanking-excercise-tpp/target/surefire/surefirebooter6184014002643845965.jar /Users/athemistou/Workspace/fr-obri-exercise/forgerock-openbanking-excercise-tpp/target/surefire 2018-09-22T16-11-10_313-jvmRun1 surefire4962163944059755532tmp surefire_0812536300822372626tmp"/>
    <property name="surefire.test.class.path" value="/Users/athemistou/Workspace/fr-obri-exercise/forgerock-openbanking-excercise-tpp/target/test-classes:/Users/athemistou/Workspace/fr-obri-exercise/forgerock-openbanking-excercise-tpp/target/classes:/Users/athemistou/.m2/repository/org/springframework/boot/spring-boot-starter-test/2.0.4.RELEASE/spring-boot-starter-test-2.0.4.RELEASE.jar:/Users/athemistou/.m2/repository/org/springframework/boot/spring-boot-starter/2.0.4.RELEASE/spring-boot-starter-2.0.4.RELEASE.jar:/Users/athemistou/.m2/repository/org/springframework/boot/spring-boot/2.0.4.RELEASE/spring-boot-2.0.4.RELEASE.jar:/Users/athemistou/.m2/repository/org/springframework/boot/spring-boot-autoconfigure/2.0.4.RELEASE/spring-boot-autoconfigure-2.0.4.RELEASE.jar:/Users/athemistou/.m2/repository/org/springframework/boot/spring-boot-starter-logging/2.0.4.RELEASE/spring-boot-starter-logging-2.0.4.RELEASE.jar:/Users/athemistou/.m2/repository/ch/qos/logback/logback-classic/1.2.3/logback-classic-1.2.3.jar:/Users/athemistou/.m2/repository/org/apache/logging/log4j/log4j-to-slf4j/2.10.0/log4j-to-slf4j-2.10.0.jar:/Users/athemistou/.m2/repository/org/apache/logging/log4j/log4j-api/2.10.0/log4j-api-2.10.0.jar:/Users/athemistou/.m2/repository/org/slf4j/jul-to-slf4j/1.7.6/jul-to-slf4j-1.7.6.jar:/Users/athemistou/.m2/repository/javax/annotation/javax.annotation-api/1.3.2/javax.annotation-api-1.3.2.jar:/Users/athemistou/.m2/repository/org/yaml/snakeyaml/1.19/snakeyaml-1.19.jar:/Users/athemistou/.m2/repository/org/springframework/boot/spring-boot-test/2.0.4.RELEASE/spring-boot-test-2.0.4.RELEASE.jar:/Users/athemistou/.m2/repository/org/springframework/boot/spring-boot-test-autoconfigure/2.0.4.RELEASE/spring-boot-test-autoconfigure-2.0.4.RELEASE.jar:/Users/athemistou/.m2/repository/com/jayway/jsonpath/json-path/2.4.0/json-path-2.4.0.jar:/Users/athemistou/.m2/repository/org/assertj/assertj-core/3.9.1/assertj-core-3.9.1.jar:/Users/athemistou/.m2/repository/org/mockito/mockito-core/2.15.0/mockito-core-2.15.0.jar:/Users/athemistou/.m2/repository/net/bytebuddy/byte-buddy-agent/1.7.11/byte-buddy-agent-1.7.11.jar:/Users/athemistou/.m2/repository/org/objenesis/objenesis/2.6/objenesis-2.6.jar:/Users/athemistou/.m2/repository/org/hamcrest/hamcrest-core/1.3/hamcrest-core-1.3.jar:/Users/athemistou/.m2/repository/org/hamcrest/hamcrest-library/1.3/hamcrest-library-1.3.jar:/Users/athemistou/.m2/repository/org/skyscreamer/jsonassert/1.5.0/jsonassert-1.5.0.jar:/Users/athemistou/.m2/repository/com/vaadin/external/google/android-json/0.0.20131108.vaadin1/android-json-0.0.20131108.vaadin1.jar:/Users/athemistou/.m2/repository/org/springframework/spring-core/5.0.8.RELEASE/spring-core-5.0.8.RELEASE.jar:/Users/athemistou/.m2/repository/org/springframework/spring-jcl/5.0.8.RELEASE/spring-jcl-5.0.8.RELEASE.jar:/Users/athemistou/.m2/repository/org/springframework/spring-test/5.0.8.RELEASE/spring-test-5.0.8.RELEASE.jar:/Users/athemistou/.m2/repository/org/xmlunit/xmlunit-core/2.5.1/xmlunit-core-2.5.1.jar:/Users/athemistou/.m2/repository/org/springframework/restdocs/spring-restdocs-mockmvc/2.0.2.RELEASE/spring-restdocs-mockmvc-2.0.2.RELEASE.jar:/Users/athemistou/.m2/repository/javax/servlet/javax.servlet-api/3.1.0/javax.servlet-api-3.1.0.jar:/Users/athemistou/.m2/repository/org/springframework/restdocs/spring-restdocs-core/2.0.2.RELEASE/spring-restdocs-core-2.0.2.RELEASE.jar:/Users/athemistou/.m2/repository/org/springframework/spring-webmvc/5.0.8.RELEASE/spring-webmvc-5.0.8.RELEASE.jar:/Users/athemistou/.m2/repository/org/springframework/spring-aop/5.0.8.RELEASE/spring-aop-5.0.8.RELEASE.jar:/Users/athemistou/.m2/repository/org/springframework/spring-beans/5.0.8.RELEASE/spring-beans-5.0.8.RELEASE.jar:/Users/athemistou/.m2/repository/org/springframework/spring-context/5.0.8.RELEASE/spring-context-5.0.8.RELEASE.jar:/Users/athemistou/.m2/repository/org/springframework/spring-expression/5.0.8.RELEASE/spring-expression-5.0.8.RELEASE.jar:/Users/athemistou/.m2/repository/com/nimbusds/nimbus-jose-jwt/6.0/nimbus-jose-jwt-6.0.jar:/Users/athemistou/.m2/repository/com/github/stephenc/jcip/jcip-annotations/1.0-1/jcip-annotations-1.0-1.jar:/Users/athemistou/.m2/repository/net/minidev/json-smart/2.3/json-smart-2.3.jar:/Users/athemistou/.m2/repository/net/minidev/accessors-smart/1.2/accessors-smart-1.2.jar:/Users/athemistou/.m2/repository/org/ow2/asm/asm/5.0.4/asm-5.0.4.jar:/Users/athemistou/.m2/repository/org/bouncycastle/bcprov-jdk15on/1.58/bcprov-jdk15on-1.58.jar:/Users/athemistou/.m2/repository/org/slf4j/slf4j-api/1.7.6/slf4j-api-1.7.6.jar:/Users/athemistou/.m2/repository/org/springframework/boot/spring-boot-starter-data-mongodb/2.0.4.RELEASE/spring-boot-starter-data-mongodb-2.0.4.RELEASE.jar:/Users/athemistou/.m2/repository/org/mongodb/mongodb-driver/3.6.4/mongodb-driver-3.6.4.jar:/Users/athemistou/.m2/repository/org/mongodb/bson/3.6.4/bson-3.6.4.jar:/Users/athemistou/.m2/repository/org/mongodb/mongodb-driver-core/3.6.4/mongodb-driver-core-3.6.4.jar:/Users/athemistou/.m2/repository/org/springframework/data/spring-data-mongodb/2.0.9.RELEASE/spring-data-mongodb-2.0.9.RELEASE.jar:/Users/athemistou/.m2/repository/org/springframework/spring-tx/5.0.8.RELEASE/spring-tx-5.0.8.RELEASE.jar:/Users/athemistou/.m2/repository/org/springframework/data/spring-data-commons/2.0.9.RELEASE/spring-data-commons-2.0.9.RELEASE.jar:/Users/athemistou/.m2/repository/de/flapdoodle/embed/de.flapdoodle.embed.mongo/2.0.3/de.flapdoodle.embed.mongo-2.0.3.jar:/Users/athemistou/.m2/repository/de/flapdoodle/embed/de.flapdoodle.embed.process/2.0.2/de.flapdoodle.embed.process-2.0.2.jar:/Users/athemistou/.m2/repository/net/java/dev/jna/jna/4.5.2/jna-4.5.2.jar:/Users/athemistou/.m2/repository/net/java/dev/jna/jna-platform/4.5.2/jna-platform-4.5.2.jar:/Users/athemistou/.m2/repository/org/apache/commons/commons-compress/1.10/commons-compress-1.10.jar:/Users/athemistou/.m2/repository/cz/jirutka/spring/embedmongo-spring/1.3.1/embedmongo-spring-1.3.1.jar:/Users/athemistou/.m2/repository/org/mongodb/mongo-java-driver/3.6.4/mongo-java-driver-3.6.4.jar:/Users/athemistou/.m2/repository/org/springframework/boot/spring-boot-starter-thymeleaf/2.0.4.RELEASE/spring-boot-starter-thymeleaf-2.0.4.RELEASE.jar:/Users/athemistou/.m2/repository/org/thymeleaf/thymeleaf-spring5/3.0.9.RELEASE/thymeleaf-spring5-3.0.9.RELEASE.jar:/Users/athemistou/.m2/repository/org/thymeleaf/thymeleaf/3.0.9.RELEASE/thymeleaf-3.0.9.RELEASE.jar:/Users/athemistou/.m2/repository/org/attoparser/attoparser/2.0.4.RELEASE/attoparser-2.0.4.RELEASE.jar:/Users/athemistou/.m2/repository/org/unbescape/unbescape/1.1.5.RELEASE/unbescape-1.1.5.RELEASE.jar:/Users/athemistou/.m2/repository/org/thymeleaf/extras/thymeleaf-extras-java8time/3.0.1.RELEASE/thymeleaf-extras-java8time-3.0.1.RELEASE.jar:/Users/athemistou/.m2/repository/uk/org/openbanking/openbanking-sdk/2.0.0.7/openbanking-sdk-2.0.0.7.jar:/Users/athemistou/.m2/repository/com/fasterxml/jackson/core/jackson-databind/2.9.6/jackson-databind-2.9.6.jar:/Users/athemistou/.m2/repository/com/fasterxml/jackson/core/jackson-annotations/2.9.0/jackson-annotations-2.9.0.jar:/Users/athemistou/.m2/repository/com/fasterxml/jackson/core/jackson-core/2.9.6/jackson-core-2.9.6.jar:/Users/athemistou/.m2/repository/io/springfox/springfox-swagger2/2.9.2/springfox-swagger2-2.9.2.jar:/Users/athemistou/.m2/repository/io/swagger/swagger-annotations/1.5.20/swagger-annotations-1.5.20.jar:/Users/athemistou/.m2/repository/io/swagger/swagger-models/1.5.20/swagger-models-1.5.20.jar:/Users/athemistou/.m2/repository/io/springfox/springfox-spi/2.9.2/springfox-spi-2.9.2.jar:/Users/athemistou/.m2/repository/io/springfox/springfox-core/2.9.2/springfox-core-2.9.2.jar:/Users/athemistou/.m2/repository/io/springfox/springfox-schema/2.9.2/springfox-schema-2.9.2.jar:/Users/athemistou/.m2/repository/io/springfox/springfox-swagger-common/2.9.2/springfox-swagger-common-2.9.2.jar:/Users/athemistou/.m2/repository/io/springfox/springfox-spring-web/2.9.2/springfox-spring-web-2.9.2.jar:/Users/athemistou/.m2/repository/com/fasterxml/classmate/1.3.4/classmate-1.3.4.jar:/Users/athemistou/.m2/repository/org/springframework/plugin/spring-plugin-core/1.2.0.RELEASE/spring-plugin-core-1.2.0.RELEASE.jar:/Users/athemistou/.m2/repository/org/springframework/plugin/spring-plugin-metadata/1.2.0.RELEASE/spring-plugin-metadata-1.2.0.RELEASE.jar:/Users/athemistou/.m2/repository/org/mapstruct/mapstruct/1.2.0.Final/mapstruct-1.2.0.Final.jar:/Users/athemistou/.m2/repository/io/springfox/springfox-swagger-ui/2.9.2/springfox-swagger-ui-2.9.2.jar:/Users/athemistou/.m2/repository/org/springframework/boot/spring-boot-starter-web/2.0.4.RELEASE/spring-boot-starter-web-2.0.4.RELEASE.jar:/Users/athemistou/.m2/repository/org/springframework/boot/spring-boot-starter-json/2.0.4.RELEASE/spring-boot-starter-json-2.0.4.RELEASE.jar:/Users/athemistou/.m2/repository/com/fasterxml/jackson/datatype/jackson-datatype-jdk8/2.9.6/jackson-datatype-jdk8-2.9.6.jar:/Users/athemistou/.m2/repository/com/fasterxml/jackson/datatype/jackson-datatype-jsr310/2.9.6/jackson-datatype-jsr310-2.9.6.jar:/Users/athemistou/.m2/repository/com/fasterxml/jackson/module/jackson-module-parameter-names/2.9.6/jackson-module-parameter-names-2.9.6.jar:/Users/athemistou/.m2/repository/org/springframework/boot/spring-boot-starter-tomcat/2.0.4.RELEASE/spring-boot-starter-tomcat-2.0.4.RELEASE.jar:/Users/athemistou/.m2/repository/org/apache/tomcat/embed/tomcat-embed-core/8.5.32/tomcat-embed-core-8.5.32.jar:/Users/athemistou/.m2/repository/org/apache/tomcat/embed/tomcat-embed-el/8.5.32/tomcat-embed-el-8.5.32.jar:/Users/athemistou/.m2/repository/org/apache/tomcat/embed/tomcat-embed-websocket/8.5.32/tomcat-embed-websocket-8.5.32.jar:/Users/athemistou/.m2/repository/org/hibernate/validator/hibernate-validator/6.0.11.Final/hibernate-validator-6.0.11.Final.jar:/Users/athemistou/.m2/repository/javax/validation/validation-api/2.0.1.Final/validation-api-2.0.1.Final.jar:/Users/athemistou/.m2/repository/org/jboss/logging/jboss-logging/3.3.2.Final/jboss-logging-3.3.2.Final.jar:/Users/athemistou/.m2/repository/org/springframework/spring-web/5.0.8.RELEASE/spring-web-5.0.8.RELEASE.jar:/Users/athemistou/.m2/repository/joda-time/joda-time/2.9.9/joda-time-2.9.9.jar:/Users/athemistou/.m2/repository/net/logstash/logback/logstash-logback-encoder/4.11/logstash-logback-encoder-4.11.jar:/Users/athemistou/.m2/repository/ch/qos/logback/logback-core/1.2.3/logback-core-1.2.3.jar:/Users/athemistou/.m2/repository/org/apache/httpcomponents/httpclient/4.5.3/httpclient-4.5.3.jar:/Users/athemistou/.m2/repository/org/apache/httpcomponents/httpcore/4.4.10/httpcore-4.4.10.jar:/Users/athemistou/.m2/repository/commons-logging/commons-logging/1.2/commons-logging-1.2.jar:/Users/athemistou/.m2/repository/commons-codec/commons-codec/1.11/commons-codec-1.11.jar:/Users/athemistou/.m2/repository/org/seleniumhq/selenium/selenium-java/3.14.0/selenium-java-3.14.0.jar:/Users/athemistou/.m2/repository/org/seleniumhq/selenium/selenium-api/3.14.0/selenium-api-3.14.0.jar:/Users/athemistou/.m2/repository/org/seleniumhq/selenium/selenium-chrome-driver/3.14.0/selenium-chrome-driver-3.14.0.jar:/Users/athemistou/.m2/repository/org/seleniumhq/selenium/selenium-edge-driver/3.14.0/selenium-edge-driver-3.14.0.jar:/Users/athemistou/.m2/repository/org/seleniumhq/selenium/selenium-firefox-driver/3.14.0/selenium-firefox-driver-3.14.0.jar:/Users/athemistou/.m2/repository/org/seleniumhq/selenium/selenium-ie-driver/3.14.0/selenium-ie-driver-3.14.0.jar:/Users/athemistou/.m2/repository/org/seleniumhq/selenium/selenium-opera-driver/3.14.0/selenium-opera-driver-3.14.0.jar:/Users/athemistou/.m2/repository/org/seleniumhq/selenium/selenium-remote-driver/3.14.0/selenium-remote-driver-3.14.0.jar:/Users/athemistou/.m2/repository/org/seleniumhq/selenium/selenium-safari-driver/3.14.0/selenium-safari-driver-3.14.0.jar:/Users/athemistou/.m2/repository/org/seleniumhq/selenium/selenium-support/3.14.0/selenium-support-3.14.0.jar:/Users/athemistou/.m2/repository/net/bytebuddy/byte-buddy/1.7.11/byte-buddy-1.7.11.jar:/Users/athemistou/.m2/repository/org/apache/commons/commons-exec/1.3/commons-exec-1.3.jar:/Users/athemistou/.m2/repository/com/google/guava/guava/25.0-jre/guava-25.0-jre.jar:/Users/athemistou/.m2/repository/com/google/code/findbugs/jsr305/1.3.9/jsr305-1.3.9.jar:/Users/athemistou/.m2/repository/org/checkerframework/checker-compat-qual/2.0.0/checker-compat-qual-2.0.0.jar:/Users/athemistou/.m2/repository/com/google/errorprone/error_prone_annotations/2.1.3/error_prone_annotations-2.1.3.jar:/Users/athemistou/.m2/repository/com/google/j2objc/j2objc-annotations/1.1/j2objc-annotations-1.1.jar:/Users/athemistou/.m2/repository/org/codehaus/mojo/animal-sniffer-annotations/1.14/animal-sniffer-annotations-1.14.jar:/Users/athemistou/.m2/repository/com/squareup/okhttp3/okhttp/3.8.1/okhttp-3.8.1.jar:/Users/athemistou/.m2/repository/com/squareup/okio/okio/1.14.1/okio-1.14.1.jar:/Users/athemistou/.m2/repository/junit/junit/4.12/junit-4.12.jar:/Users/athemistou/.m2/repository/io/github/bonigarcia/webdrivermanager/3.0.0/webdrivermanager-3.0.0.jar:/Users/athemistou/.m2/repository/commons-io/commons-io/2.6/commons-io-2.6.jar:/Users/athemistou/.m2/repository/com/google/code/gson/gson/2.8.5/gson-2.8.5.jar:/Users/athemistou/.m2/repository/org/apache/commons/commons-lang3/3.7/commons-lang3-3.7.jar:/Users/athemistou/.m2/repository/org/rauschig/jarchivelib/0.8.0/jarchivelib-0.8.0.jar:/Users/athemistou/.m2/repository/org/jsoup/jsoup/1.11.3/jsoup-1.11.3.jar:"/>
    <property name="sun.cpu.endian" value="little"/>
    <property name="user.home" value="/Users/athemistou"/>
    <property name="user.language" value="en"/>
    <property name="java.specification.vendor" value="Oracle Corporation"/>
    <property name="java.home" value="/Library/Java/JavaVirtualMachines/jdk1.8.0_151.jdk/Contents/Home/jre"/>
    <property name="basedir" value="/Users/athemistou/Workspace/fr-obri-exercise/forgerock-openbanking-excercise-tpp"/>
    <property name="file.separator" value="/"/>
    <property name="line.separator" value="&#10;"/>
    <property name="java.vm.specification.vendor" value="Oracle Corporation"/>
    <property name="java.specification.name" value="Java Platform API Specification"/>
    <property name="java.awt.graphicsenv" value="sun.awt.CGraphicsEnvironment"/>
    <property name="surefire.real.class.path" value="/Users/athemistou/Workspace/fr-obri-exercise/forgerock-openbanking-excercise-tpp/target/surefire/surefirebooter6184014002643845965.jar"/>
    <property name="sun.boot.class.path" value="/Library/Java/JavaVirtualMachines/jdk1.8.0_151.jdk/Contents/Home/jre/lib/resources.jar:/Library/Java/JavaVirtualMachines/jdk1.8.0_151.jdk/Contents/Home/jre/lib/rt.jar:/Library/Java/JavaVirtualMachines/jdk1.8.0_151.jdk/Contents/Home/jre/lib/sunrsasign.jar:/Library/Java/JavaVirtualMachines/jdk1.8.0_151.jdk/Contents/Home/jre/lib/jsse.jar:/Library/Java/JavaVirtualMachines/jdk1.8.0_151.jdk/Contents/Home/jre/lib/jce.jar:/Library/Java/JavaVirtualMachines/jdk1.8.0_151.jdk/Contents/Home/jre/lib/charsets.jar:/Library/Java/JavaVirtualMachines/jdk1.8.0_151.jdk/Contents/Home/jre/lib/jfr.jar:/Library/Java/JavaVirtualMachines/jdk1.8.0_151.jdk/Contents/Home/jre/classes"/>
    <property name="sun.management.compiler" value="HotSpot 64-Bit Tiered Compilers"/>
    <property name="java.runtime.version" value="1.8.0_151-b12"/>
    <property name="user.name" value="athemistou"/>
    <property name="path.separator" value=":"/>
    <property name="os.version" value="10.12.6"/>
    <property name="java.endorsed.dirs" value="/Library/Java/JavaVirtualMachines/jdk1.8.0_151.jdk/Contents/Home/jre/lib/endorsed"/>
    <property name="java.runtime.name" value="Java(TM) SE Runtime Environment"/>
    <property name="file.encoding" value="UTF-8"/>
    <property name="java.vm.name" value="Java HotSpot(TM) 64-Bit Server VM"/>
    <property name="localRepository" value="/Users/athemistou/.m2/repository"/>
    <property name="java.vendor.url.bug" value="http://bugreport.sun.com/bugreport/"/>
    <property name="java.io.tmpdir" value="/var/folders/1f/0_byllp93y718xcw86mw_ypw5r19gt/T/"/>
    <property name="java.version" value="1.8.0_151"/>
    <property name="user.dir" value="/Users/athemistou/Workspace/fr-obri-exercise/forgerock-openbanking-excercise-tpp"/>
    <property name="os.arch" value="x86_64"/>
    <property name="java.vm.specification.name" value="Java Virtual Machine Specification"/>
    <property name="java.awt.printerjob" value="sun.lwawt.macosx.CPrinterJob"/>
    <property name="sun.os.patch.level" value="unknown"/>
    <property name="java.library.path" value="/Users/athemistou/Library/Java/Extensions:/Library/Java/Extensions:/Network/Library/Java/Extensions:/System/Library/Java/Extensions:/usr/lib/java:."/>
    <property name="java.vm.info" value="mixed mode"/>
    <property name="java.vendor" value="Oracle Corporation"/>
    <property name="java.vm.version" value="25.151-b12"/>
    <property name="java.ext.dirs" value="/Users/athemistou/Library/Java/Extensions:/Library/Java/JavaVirtualMachines/jdk1.8.0_151.jdk/Contents/Home/jre/lib/ext:/Library/Java/Extensions:/Network/Library/Java/Extensions:/System/Library/Java/Extensions:/usr/lib/java"/>
    <property name="sun.io.unicode.encoding" value="UnicodeBig"/>
    <property name="java.class.version" value="52.0"/>
  </properties>
  <testcase name="initiatePayment" classname="com.forgerock.openbanking.exercise.tpp.payment.PaymentApiTest" time="36.643">
    <error message="Index: 0, Size: 0" type="java.lang.IndexOutOfBoundsException">java.lang.IndexOutOfBoundsException: Index: 0, Size: 0
	at com.forgerock.openbanking.exercise.tpp.payment.PaymentApiTest.initiatePayment(PaymentApiTest.java:44)
</error>
    <system-out><![CDATA[2018-09-22 16:11:44.542  INFO 70257 --- [           main] .b.t.c.SpringBootTestContextBootstrapper : Neither @ContextConfiguration nor @ContextHierarchy found for test class [com.forgerock.openbanking.exercise.tpp.payment.PaymentApiTest], using SpringBootContextLoader
2018-09-22 16:11:44.543  INFO 70257 --- [           main] o.s.t.c.support.AbstractContextLoader    : Could not detect default resource locations for test class [com.forgerock.openbanking.exercise.tpp.payment.PaymentApiTest]: no resource found for suffixes {-context.xml, Context.groovy}.
2018-09-22 16:11:44.544  INFO 70257 --- [           main] t.c.s.AnnotationConfigContextLoaderUtils : Could not detect default configuration classes for test class [com.forgerock.openbanking.exercise.tpp.payment.PaymentApiTest]: PaymentApiTest does not declare any static, non-private, non-final, nested classes annotated with @Configuration.
2018-09-22 16:11:44.582  INFO 70257 --- [           main] .b.t.c.SpringBootTestContextBootstrapper : Found @SpringBootConfiguration com.forgerock.openbanking.exercise.tpp.Main for test class com.forgerock.openbanking.exercise.tpp.payment.PaymentApiTest
2018-09-22 16:11:44.584  INFO 70257 --- [           main] .b.t.c.SpringBootTestContextBootstrapper : Loaded default TestExecutionListener class names from location [META-INF/spring.factories]: [org.springframework.boot.test.mock.mockito.MockitoTestExecutionListener, org.springframework.boot.test.mock.mockito.ResetMocksTestExecutionListener, org.springframework.boot.test.autoconfigure.restdocs.RestDocsTestExecutionListener, org.springframework.boot.test.autoconfigure.web.client.MockRestServiceServerResetTestExecutionListener, org.springframework.boot.test.autoconfigure.web.servlet.MockMvcPrintOnlyOnFailureTestExecutionListener, org.springframework.boot.test.autoconfigure.web.servlet.WebDriverTestExecutionListener, org.springframework.test.context.web.ServletTestExecutionListener, org.springframework.test.context.support.DirtiesContextBeforeModesTestExecutionListener, org.springframework.test.context.support.DependencyInjectionTestExecutionListener, org.springframework.test.context.support.DirtiesContextTestExecutionListener, org.springframework.test.context.transaction.TransactionalTestExecutionListener, org.springframework.test.context.jdbc.SqlScriptsTestExecutionListener]
2018-09-22 16:11:44.585  INFO 70257 --- [           main] .b.t.c.SpringBootTestContextBootstrapper : Using TestExecutionListeners: [org.springframework.test.context.web.ServletTestExecutionListener@7ee12d58, org.springframework.test.context.support.DirtiesContextBeforeModesTestExecutionListener@e72fb04, org.springframework.boot.test.mock.mockito.MockitoTestExecutionListener@1533338c, org.springframework.boot.test.autoconfigure.SpringBootDependencyInjectionTestExecutionListener@4315fe1b, org.springframework.test.context.support.DirtiesContextTestExecutionListener@34e990cc, org.springframework.test.context.transaction.TransactionalTestExecutionListener@2d5ae78e, org.springframework.test.context.jdbc.SqlScriptsTestExecutionListener@21f91efa, org.springframework.boot.test.mock.mockito.ResetMocksTestExecutionListener@4df0d9f8, org.springframework.boot.test.autoconfigure.restdocs.RestDocsTestExecutionListener@35e75f7a, org.springframework.boot.test.autoconfigure.web.client.MockRestServiceServerResetTestExecutionListener@4f7bb8df, org.springframework.boot.test.autoconfigure.web.servlet.MockMvcPrintOnlyOnFailureTestExecutionListener@269c7104, org.springframework.boot.test.autoconfigure.web.servlet.WebDriverTestExecutionListener@6de84336]
2018-09-22 16:11:44.590  INFO 70257 --- [           main] o.s.b.t.m.w.SpringBootMockServletContext : Initializing Spring FrameworkServlet ''
2018-09-22 16:11:44.594  INFO 70257 --- [           main] o.s.t.web.servlet.TestDispatcherServlet  : FrameworkServlet '': initialization started
2018-09-22 16:11:44.604  INFO 70257 --- [           main] o.s.t.web.servlet.TestDispatcherServlet  : FrameworkServlet '': initialization completed in 8 ms
2018-09-22 16:11:44.604  INFO 70257 --- [           main] o.s.b.t.m.w.SpringBootMockServletContext : Initializing Spring FrameworkServlet ''
2018-09-22 16:11:44.605  INFO 70257 --- [           main] o.s.t.web.servlet.TestDispatcherServlet  : FrameworkServlet '': initialization started
2018-09-22 16:11:44.612  INFO 70257 --- [           main] o.s.t.web.servlet.TestDispatcherServlet  : FrameworkServlet '': initialization completed in 7 ms
2018-09-22 16:11:44.613 DEBUG 70257 --- [           main] c.f.o.e.t.s.aspsp.as.ASDiscoveryService  : Call the well-known endpoint of the AS https://as.aspsp.ob.forgerock.financial/oauth2/.well-known/openid-configuration
2018-09-22 16:11:44.652 DEBUG 70257 --- [           main] c.f.o.e.t.a.r.TPPRegistrationController  : The OIDC aspsp endpoint: https://as.aspsp.ob.forgerock.financial/oauth2/
2018-09-22 16:11:44.655  INFO 70257 --- [           main] f.o.e.t.s.a.a.ASPSPASRegistrationService : Unregister the TPP to the ASPSP-AS
2018-09-22 16:11:44.914  INFO 70257 --- [           main] f.o.e.t.s.a.a.ASPSPASRegistrationService : Unregister the TPP to the ASPSP-AS
2018-09-22 16:11:45.145 DEBUG 70257 --- [           main] c.f.o.e.t.a.r.TPPRegistrationController  : Received a aspsp request for an ASPSP: financialID 0015800001041REAAY, oidcRootEndpoint https://as.aspsp.ob.forgerock.financial/oauth2/, discoveryEndpoint https://rs.aspsp.ob.forgerock.financial/open-banking/discovery
2018-09-22 16:11:45.145 DEBUG 70257 --- [           main] c.f.o.e.t.a.r.TPPRegistrationController  : Call the OIDC discovery endpoint https://as.aspsp.ob.forgerock.financial/oauth2/
2018-09-22 16:11:45.145 DEBUG 70257 --- [           main] c.f.o.e.t.s.aspsp.as.ASDiscoveryService  : Call the well-known endpoint of the AS https://as.aspsp.ob.forgerock.financial/oauth2/.well-known/openid-configuration
2018-09-22 16:11:45.169 DEBUG 70257 --- [           main] c.f.o.e.t.a.r.TPPRegistrationController  : The OIDC aspsp endpoint: https://as.aspsp.ob.forgerock.financial/oauth2/
2018-09-22 16:11:45.387 DEBUG 70257 --- [           main] c.f.o.e.t.a.r.TPPRegistrationController  : The SSA we are going to use: eyJraWQiOiI0ZjgxOTJhMi1hZTc0LTQ2ZWMtYTU5MC0zMjAwODNhNDA3ZmYiLCJhbGciOiJSUzI1NiJ9.eyJvcmdfandrc19lbmRwb2ludCI6IlRPRE8iLCJzb2Z0d2FyZV9tb2RlIjoiVEVTVCIsInNvZnR3YXJlX3JlZGlyZWN0X3VyaXMiOlsiaHR0cHM6XC9cL2xvY2FsaG9zdCIsImh0dHBzOlwvXC9sb2NhbGhvc3Q6ODA4MFwvd2ViXC9leGNoYW5nZV9jb2RlXC9haXNwIiwiaHR0cHM6XC9cL2xvY2FsaG9zdDo4MDgwXC93ZWJcL2V4Y2hhbmdlX2NvZGVcL3Bpc3AiXSwib3JnX3N0YXR1cyI6IkFjdGl2ZSIsInNvZnR3YXJlX2NsaWVudF9uYW1lIjoiUG9zdG1hbiIsInNvZnR3YXJlX2NsaWVudF9pZCI6IjViYTYwNDhiYjA5MzQ2MGM3NTM1MWZkZiIsImlzcyI6IkZvcmdlUm9jayIsInNvZnR3YXJlX2p3a3NfZW5kcG9pbnQiOiJodHRwczpcL1wvc2VydmljZS5kaXJlY3Rvcnkub2IuZm9yZ2Vyb2NrLmZpbmFuY2lhbFwvYXBpXC9zb2Z0d2FyZS1zdGF0ZW1lbnRcLzViYTYwNDhiYjA5MzQ2MGM3NTM1MWZkZlwvYXBwbGljYXRpb25cL2p3a191cmkiLCJzb2Z0d2FyZV9pZCI6IjViYTYwNDhiYjA5MzQ2MGM3NTM1MWZkZiIsIm9yZ19jb250YWN0cyI6W10sIm9iX3JlZ2lzdHJ5X3RvcyI6Imh0dHBzOlwvXC9kaXJlY3Rvcnkub2IuZm9yZ2Vyb2NrLmZpbmFuY2lhbFwvdG9zXC8iLCJvcmdfaWQiOiI1YmE2MDQ1MGIwOTM0NjBjNzUzNTFmZGUiLCJzb2Z0d2FyZV9qd2tzX3Jldm9rZWRfZW5kcG9pbnQiOiJUT0RPIiwic29mdHdhcmVfcm9sZXMiOlsiQUlTUCIsIlBJU1AiXSwiZXhwIjoxNTM4MjMzOTA1LCJvcmdfbmFtZSI6ImFyaXMiLCJvcmdfandrc19yZXZva2VkX2VuZHBvaW50IjoiVE9ETyIsImlhdCI6MTUzNzYyOTEwNSwianRpIjoiMDQyMzI5YTItZDBhNi00YjhmLTgxNzAtNjQ3ZDkxMDMyNGVhIn0.S2Tj0ZI5TvZGzLboJNXHjIM4ZPwOwMTKlYJ-kW62u-zMBMVpLxryVhThrrs5w1jtmiM2u7jJP1GxhnGXki56nO86yNMJyGji6IgjK8G5Vo9HBOmToYRzVBL3Lr_WVyDcZhIVCC2_XqV2f2TyzMXZLAuMq-Nnn4KiR1VK3G8-fncWIzc3WAWg3AbdL8tHYnp2PtZX1qex23pxc3cfpVnNyg4cWl_IcaoUzVNGsQXCfG7a7rsopFgBNnMH4gloKXcrwLqSfQ7i_9ZnqNp3MUacRprf0RZ4C53dBxEKocyv4JEO23aEjNl6CHIJzau1PSljq21fTg0QnQD3Hz_g1NtopA
2018-09-22 16:11:45.574 DEBUG 70257 --- [           main] c.f.o.e.t.a.r.TPPRegistrationController  : The SSA we are going to use: eyJraWQiOiI0ZjgxOTJhMi1hZTc0LTQ2ZWMtYTU5MC0zMjAwODNhNDA3ZmYiLCJhbGciOiJSUzI1NiJ9.eyJvcmdfandrc19lbmRwb2ludCI6IlRPRE8iLCJzb2Z0d2FyZV9tb2RlIjoiVEVTVCIsInNvZnR3YXJlX3JlZGlyZWN0X3VyaXMiOlsiaHR0cHM6XC9cL2xvY2FsaG9zdCIsImh0dHBzOlwvXC9sb2NhbGhvc3Q6ODA4MFwvd2ViXC9leGNoYW5nZV9jb2RlXC9haXNwIiwiaHR0cHM6XC9cL2xvY2FsaG9zdDo4MDgwXC93ZWJcL2V4Y2hhbmdlX2NvZGVcL3Bpc3AiXSwib3JnX3N0YXR1cyI6IkFjdGl2ZSIsInNvZnR3YXJlX2NsaWVudF9uYW1lIjoiUG9zdG1hbiIsInNvZnR3YXJlX2NsaWVudF9pZCI6IjViYTYwNDhiYjA5MzQ2MGM3NTM1MWZkZiIsImlzcyI6IkZvcmdlUm9jayIsInNvZnR3YXJlX2p3a3NfZW5kcG9pbnQiOiJodHRwczpcL1wvc2VydmljZS5kaXJlY3Rvcnkub2IuZm9yZ2Vyb2NrLmZpbmFuY2lhbFwvYXBpXC9zb2Z0d2FyZS1zdGF0ZW1lbnRcLzViYTYwNDhiYjA5MzQ2MGM3NTM1MWZkZlwvYXBwbGljYXRpb25cL2p3a191cmkiLCJzb2Z0d2FyZV9pZCI6IjViYTYwNDhiYjA5MzQ2MGM3NTM1MWZkZiIsIm9yZ19jb250YWN0cyI6W10sIm9iX3JlZ2lzdHJ5X3RvcyI6Imh0dHBzOlwvXC9kaXJlY3Rvcnkub2IuZm9yZ2Vyb2NrLmZpbmFuY2lhbFwvdG9zXC8iLCJvcmdfaWQiOiI1YmE2MDQ1MGIwOTM0NjBjNzUzNTFmZGUiLCJzb2Z0d2FyZV9qd2tzX3Jldm9rZWRfZW5kcG9pbnQiOiJUT0RPIiwic29mdHdhcmVfcm9sZXMiOlsiQUlTUCIsIlBJU1AiXSwiZXhwIjoxNTM4MjMzOTA1LCJvcmdfbmFtZSI6ImFyaXMiLCJvcmdfandrc19yZXZva2VkX2VuZHBvaW50IjoiVE9ETyIsImlhdCI6MTUzNzYyOTEwNSwianRpIjoiMDQyMzI5YTItZDBhNi00YjhmLTgxNzAtNjQ3ZDkxMDMyNGVhIn0.S2Tj0ZI5TvZGzLboJNXHjIM4ZPwOwMTKlYJ-kW62u-zMBMVpLxryVhThrrs5w1jtmiM2u7jJP1GxhnGXki56nO86yNMJyGji6IgjK8G5Vo9HBOmToYRzVBL3Lr_WVyDcZhIVCC2_XqV2f2TyzMXZLAuMq-Nnn4KiR1VK3G8-fncWIzc3WAWg3AbdL8tHYnp2PtZX1qex23pxc3cfpVnNyg4cWl_IcaoUzVNGsQXCfG7a7rsopFgBNnMH4gloKXcrwLqSfQ7i_9ZnqNp3MUacRprf0RZ4C53dBxEKocyv4JEO23aEjNl6CHIJzau1PSljq21fTg0QnQD3Hz_g1NtopA
2018-09-22 16:11:45.575 DEBUG 70257 --- [           main] c.f.o.e.t.services.JwkManagementService  : Sign claims {"token_endpoint_auth_signing_alg":"RS256","request_object_encryption_alg":"RSA-OAEP-256","grant_types":["authorization_code","refresh_token","client_credentials"],"subject_type":"public","application_type":"web","redirect_uris":["https:\/\/localhost","https:\/\/localhost:8080\/web\/exchange_code\/aisp","https:\/\/localhost:8080\/web\/exchange_code\/pisp"],"token_endpoint_auth_method":"private_key_jwt","aud":"https:\/\/matls.as.aspsp.ob.forgerock.financial\/oauth2\/openbanking","software_statement":"eyJraWQiOiI0ZjgxOTJhMi1hZTc0LTQ2ZWMtYTU5MC0zMjAwODNhNDA3ZmYiLCJhbGciOiJSUzI1NiJ9.eyJvcmdfandrc19lbmRwb2ludCI6IlRPRE8iLCJzb2Z0d2FyZV9tb2RlIjoiVEVTVCIsInNvZnR3YXJlX3JlZGlyZWN0X3VyaXMiOlsiaHR0cHM6XC9cL2xvY2FsaG9zdCIsImh0dHBzOlwvXC9sb2NhbGhvc3Q6ODA4MFwvd2ViXC9leGNoYW5nZV9jb2RlXC9haXNwIiwiaHR0cHM6XC9cL2xvY2FsaG9zdDo4MDgwXC93ZWJcL2V4Y2hhbmdlX2NvZGVcL3Bpc3AiXSwib3JnX3N0YXR1cyI6IkFjdGl2ZSIsInNvZnR3YXJlX2NsaWVudF9uYW1lIjoiUG9zdG1hbiIsInNvZnR3YXJlX2NsaWVudF9pZCI6IjViYTYwNDhiYjA5MzQ2MGM3NTM1MWZkZiIsImlzcyI6IkZvcmdlUm9jayIsInNvZnR3YXJlX2p3a3NfZW5kcG9pbnQiOiJodHRwczpcL1wvc2VydmljZS5kaXJlY3Rvcnkub2IuZm9yZ2Vyb2NrLmZpbmFuY2lhbFwvYXBpXC9zb2Z0d2FyZS1zdGF0ZW1lbnRcLzViYTYwNDhiYjA5MzQ2MGM3NTM1MWZkZlwvYXBwbGljYXRpb25cL2p3a191cmkiLCJzb2Z0d2FyZV9pZCI6IjViYTYwNDhiYjA5MzQ2MGM3NTM1MWZkZiIsIm9yZ19jb250YWN0cyI6W10sIm9iX3JlZ2lzdHJ5X3RvcyI6Imh0dHBzOlwvXC9kaXJlY3Rvcnkub2IuZm9yZ2Vyb2NrLmZpbmFuY2lhbFwvdG9zXC8iLCJvcmdfaWQiOiI1YmE2MDQ1MGIwOTM0NjBjNzUzNTFmZGUiLCJzb2Z0d2FyZV9qd2tzX3Jldm9rZWRfZW5kcG9pbnQiOiJUT0RPIiwic29mdHdhcmVfcm9sZXMiOlsiQUlTUCIsIlBJU1AiXSwiZXhwIjoxNTM4MjMzOTA1LCJvcmdfbmFtZSI6ImFyaXMiLCJvcmdfandrc19yZXZva2VkX2VuZHBvaW50IjoiVE9ETyIsImlhdCI6MTUzNzYyOTEwNSwianRpIjoiMDQyMzI5YTItZDBhNi00YjhmLTgxNzAtNjQ3ZDkxMDMyNGVhIn0.S2Tj0ZI5TvZGzLboJNXHjIM4ZPwOwMTKlYJ-kW62u-zMBMVpLxryVhThrrs5w1jtmiM2u7jJP1GxhnGXki56nO86yNMJyGji6IgjK8G5Vo9HBOmToYRzVBL3Lr_WVyDcZhIVCC2_XqV2f2TyzMXZLAuMq-Nnn4KiR1VK3G8-fncWIzc3WAWg3AbdL8tHYnp2PtZX1qex23pxc3cfpVnNyg4cWl_IcaoUzVNGsQXCfG7a7rsopFgBNnMH4gloKXcrwLqSfQ7i_9ZnqNp3MUacRprf0RZ4C53dBxEKocyv4JEO23aEjNl6CHIJzau1PSljq21fTg0QnQD3Hz_g1NtopA","scopes":["openid","accounts","payments"],"request_object_signing_alg":"RS256","exp":1538233905,"request_object_encryption_enc":"A128CBC-HS256","response_types":["code id_token"],"id_token_signed_response_alg":"ES256"}
2018-09-22 16:11:45.734 DEBUG 70257 --- [           main] c.f.o.e.t.a.r.TPPRegistrationController  : The aspsp request generated : eyJraWQiOiI0ZjhlM2YzNy1mZmUxLTQ1ZDItYmQ1MS0wMDlhMzg0YzgwYWQiLCJhbGciOiJSUzI1NiJ9.eyJ0b2tlbl9lbmRwb2ludF9hdXRoX3NpZ25pbmdfYWxnIjoiUlMyNTYiLCJyZXF1ZXN0X29iamVjdF9lbmNyeXB0aW9uX2FsZyI6IlJTQS1PQUVQLTI1NiIsImdyYW50X3R5cGVzIjpbImF1dGhvcml6YXRpb25fY29kZSIsInJlZnJlc2hfdG9rZW4iLCJjbGllbnRfY3JlZGVudGlhbHMiXSwic3ViamVjdF90eXBlIjoicHVibGljIiwiYXBwbGljYXRpb25fdHlwZSI6IndlYiIsImlzcyI6IjViYTYwNDhiYjA5MzQ2MGM3NTM1MWZkZiIsInJlZGlyZWN0X3VyaXMiOlsiaHR0cHM6XC9cL2xvY2FsaG9zdCIsImh0dHBzOlwvXC9sb2NhbGhvc3Q6ODA4MFwvd2ViXC9leGNoYW5nZV9jb2RlXC9haXNwIiwiaHR0cHM6XC9cL2xvY2FsaG9zdDo4MDgwXC93ZWJcL2V4Y2hhbmdlX2NvZGVcL3Bpc3AiXSwidG9rZW5fZW5kcG9pbnRfYXV0aF9tZXRob2QiOiJwcml2YXRlX2tleV9qd3QiLCJhdWQiOiJodHRwczpcL1wvbWF0bHMuYXMuYXNwc3Aub2IuZm9yZ2Vyb2NrLmZpbmFuY2lhbFwvb2F1dGgyXC9vcGVuYmFua2luZyIsInNvZnR3YXJlX3N0YXRlbWVudCI6ImV5SnJhV1FpT2lJMFpqZ3hPVEpoTWkxaFpUYzBMVFEyWldNdFlUVTVNQzB6TWpBd09ETmhOREEzWm1ZaUxDSmhiR2NpT2lKU1V6STFOaUo5LmV5SnZjbWRmYW5kcmMxOWxibVJ3YjJsdWRDSTZJbFJQUkU4aUxDSnpiMlowZDJGeVpWOXRiMlJsSWpvaVZFVlRWQ0lzSW5OdlpuUjNZWEpsWDNKbFpHbHlaV04wWDNWeWFYTWlPbHNpYUhSMGNITTZYQzljTDJ4dlkyRnNhRzl6ZENJc0ltaDBkSEJ6T2x3dlhDOXNiMk5oYkdodmMzUTZPREE0TUZ3dmQyVmlYQzlsZUdOb1lXNW5aVjlqYjJSbFhDOWhhWE53SWl3aWFIUjBjSE02WEM5Y0wyeHZZMkZzYUc5emREbzRNRGd3WEM5M1pXSmNMMlY0WTJoaGJtZGxYMk52WkdWY0wzQnBjM0FpWFN3aWIzSm5YM04wWVhSMWN5STZJa0ZqZEdsMlpTSXNJbk52Wm5SM1lYSmxYMk5zYVdWdWRGOXVZVzFsSWpvaVVHOXpkRzFoYmlJc0luTnZablIzWVhKbFgyTnNhV1Z1ZEY5cFpDSTZJalZpWVRZd05EaGlZakE1TXpRMk1HTTNOVE0xTVdaa1ppSXNJbWx6Y3lJNklrWnZjbWRsVW05amF5SXNJbk52Wm5SM1lYSmxYMnAzYTNOZlpXNWtjRzlwYm5RaU9pSm9kSFJ3Y3pwY0wxd3ZjMlZ5ZG1salpTNWthWEpsWTNSdmNua3ViMkl1Wm05eVoyVnliMk5yTG1acGJtRnVZMmxoYkZ3dllYQnBYQzl6YjJaMGQyRnlaUzF6ZEdGMFpXMWxiblJjTHpWaVlUWXdORGhpWWpBNU16UTJNR00zTlRNMU1XWmtabHd2WVhCd2JHbGpZWFJwYjI1Y0wycDNhMTkxY21raUxDSnpiMlowZDJGeVpWOXBaQ0k2SWpWaVlUWXdORGhpWWpBNU16UTJNR00zTlRNMU1XWmtaaUlzSW05eVoxOWpiMjUwWVdOMGN5STZXMTBzSW05aVgzSmxaMmx6ZEhKNVgzUnZjeUk2SW1oMGRIQnpPbHd2WEM5a2FYSmxZM1J2Y25rdWIySXVabTl5WjJWeWIyTnJMbVpwYm1GdVkybGhiRnd2ZEc5elhDOGlMQ0p2Y21kZmFXUWlPaUkxWW1FMk1EUTFNR0l3T1RNME5qQmpOelV6TlRGbVpHVWlMQ0p6YjJaMGQyRnlaVjlxZDJ0elgzSmxkbTlyWldSZlpXNWtjRzlwYm5RaU9pSlVUMFJQSWl3aWMyOW1kSGRoY21WZmNtOXNaWE1pT2xzaVFVbFRVQ0lzSWxCSlUxQWlYU3dpWlhod0lqb3hOVE00TWpNek9UQTFMQ0p2Y21kZmJtRnRaU0k2SW1GeWFYTWlMQ0p2Y21kZmFuZHJjMTl5WlhadmEyVmtYMlZ1WkhCdmFXNTBJam9pVkU5RVR5SXNJbWxoZENJNk1UVXpOell5T1RFd05Td2lhblJwSWpvaU1EUXlNekk1WVRJdFpEQmhOaTAwWWpobUxUZ3hOekF0TmpRM1pEa3hNRE15TkdWaEluMC5TMlRqMFpJNVR2Wkd6TGJvSk5YSGpJTTRaUHdPd01US2xZSi1rVzYydS16TUJNVnBMeHJ5VmhUaHJyczV3MWp0bWlNMnU3akpQMUd4aG5HWGtpNTZuTzg2eU5NSnlHamk2SWdqSzhHNVZvOUhCT21Ub1lSelZCTDNMcl9XVnlEY1poSVZDQzJfWHFWMmYyVHl6TVhaTEF1TXEtTm5uNEtpUjFWSzNHOC1mbmNXSXpjM1dBV2czQWJkTDh0SFlucDJQdFpYMXFleDIzcHhjM2NmcFZuTnlnNGNXbF9JY2FvVXpWTkdzUVhDZkc3YTdyc29wRmdCTm5NSDRnbG9LWGNyd0xxU2ZRN2lfOVpucU5wM01VYWNScHJmMFJaNEM1M2RCeEVLb2N5djRKRU8yM2FFak5sNkNISUp6YXUxUFNsanEyMWZUZzBRblFEM0h6X2cxTnRvcEEiLCJzY29wZXMiOlsib3BlbmlkIiwiYWNjb3VudHMiLCJwYXltZW50cyJdLCJyZXF1ZXN0X29iamVjdF9zaWduaW5nX2FsZyI6IlJTMjU2IiwiZXhwIjoxNTM4MjMzOTA1LCJyZXF1ZXN0X29iamVjdF9lbmNyeXB0aW9uX2VuYyI6IkExMjhDQkMtSFMyNTYiLCJpYXQiOjE1Mzc2MjkxMDUsImp0aSI6ImEyNjNkZTA3LWIzZDUtNDZlMS05NTE0LWZlYmFkZmE5Nzg0NSIsInJlc3BvbnNlX3R5cGVzIjpbImNvZGUgaWRfdG9rZW4iXSwiaWRfdG9rZW5fc2lnbmVkX3Jlc3BvbnNlX2FsZyI6IkVTMjU2In0.n3f6nsGZxezrs5PrMK5sDqnYdCZbj8wpzhhFtu9VXDJaSmnjzI66YojzAqyWfnyZ4ESDV53t-NPKffrCGEeZ2vx4MIffjjAGj73Tnul-xenvhPLAG88z69y7q-3ARYqDE0KO0x0BMKRcJaKxjxeCQhomFirZ5mXTK5VOzgrTPcoy1biXhSsLG0n1-IuiuAUNRpe-YVRZ-8naaqvJeKQ9DvW6ttr9_pLuzAzRYvUIR56Nkppbv0-3mnNAe2O6uGLKMynRQUYtJ8Pka0hduzHMpqWSf9dn1opTBBp_vI-UGFwfGzIlu9K1n3tX00V0bQlChf_3fG-NuCMF1fE9RRT3tQ
2018-09-22 16:11:45.734  INFO 70257 --- [           main] f.o.e.t.s.a.a.ASPSPASRegistrationService : Register a new TPP to the ASPSP-AS
2018-09-22 16:11:45.734 DEBUG 70257 --- [           main] f.o.e.t.s.a.a.ASPSPASRegistrationService : Send aspsp request to the ASPSP-AS https://rs.aspsp.ob.forgerock.financial/open-banking/registerTPP
2018-09-22 16:11:46.521 DEBUG 70257 --- [           main] c.f.o.e.t.a.r.TPPRegistrationController  : We are successfully registered : OIDCRegistrationResponse{clientId='1b05a200-5f1e-419c-af2a-e79005329480', clientSecret='3afb4081-9842-4ab6-9787-62b71b8cfb85', registrationAccessToken='eyJ0eXAiOiJKV1QiLCJ6aXAiOiJOT05FIiwia2lkIjoiRm9sN0lwZEtlTFptekt0Q0VnaTFMRGhTSXpNPSIsImFsZyI6IkVTMjU2In0.eyJzdWIiOiIxYjA1YTIwMC01ZjFlLTQxOWMtYWYyYS1lNzkwMDUzMjk0ODAiLCJhdWRpdFRyYWNraW5nSWQiOiJkNDQ4MTg1Ny1iYzBhLTQyYWQtOTZkYy02NzBjODE0ODFhMWQiLCJpc3MiOiJudWxsOi8vbnVsbC9vYXV0aDIvb3BlbmJhbmtpbmciLCJ0b2tlbk5hbWUiOiJhY2Nlc3NfdG9rZW4iLCJ0b2tlbl90eXBlIjoiQmVhcmVyIiwiYXV0aEdyYW50SWQiOiIzZDZlOTY1NS1mOTY0LTRjMDQtYmMyZi0yOWMxNzc3ODAyYWYiLCJhdWQiOiIxYjA1YTIwMC01ZjFlLTQxOWMtYWYyYS1lNzkwMDUzMjk0ODAiLCJuYmYiOjE1Mzc2MjkxMDYsInNjb3BlIjpbXSwiYXV0aF90aW1lIjoxNTM3NjI5MTA2LCJyZWFsbSI6Ii9vcGVuYmFua2luZyIsImV4cCI6MTUzNzcxNTUwNiwiaWF0IjoxNTM3NjI5MTA2LCJleHBpcmVzX2luIjo4NjQwMCwianRpIjoiNmE1NTVhY2YtMWRlNC00NmQ2LWFhNTUtODI2NDVlZjM1MmE3In0.HexE2oq_J5FhDirvT897L0AfCvHdQybANKc5DniJDPr9DO2KEpGi_FiE6MqXB31mKUK0OlgcKDgVYN9rRw12NA', registrationClientUri='https://as.aspsp.ob.forgerock.financial/oauth2/register?client_id=1b05a200-5f1e-419c-af2a-e79005329480', clientIdIssuedAt='null', clientSecretExpiresAt='0'}
2018-09-22 16:11:46.521 DEBUG 70257 --- [           main] c.f.o.e.t.a.r.TPPRegistrationController  : We call the RS discovery endpoint : https://rs.aspsp.ob.forgerock.financial/open-banking/discovery
2018-09-22 16:11:46.521 DEBUG 70257 --- [           main] c.f.o.e.t.s.aspsp.rs.RSDiscoveryService  : Call the discovery of the RS https://rs.aspsp.ob.forgerock.financial/open-banking/discovery
2018-09-22 16:11:46.720 DEBUG 70257 --- [           main] c.f.o.e.t.a.r.TPPRegistrationController  : The RS discovery response : class OBDiscoveryResponse {
    data: class OBDiscovery {
        paymentInitiationAPIs: [uk.org.openbanking.datamodel.discovery.OBDiscoveryAPI@4a4cc108, uk.org.openbanking.datamodel.discovery.OBDiscoveryAPI@e6588548]
        accountAndTransactionAPIs: [uk.org.openbanking.datamodel.discovery.OBDiscoveryAPI@9777d888, uk.org.openbanking.datamodel.discovery.OBDiscoveryAPI@c8ea288]
    }
}
2018-09-22 16:11:46.911 DEBUG 70257 --- [           main] c.f.o.e.t.a.r.TPPRegistrationController  : Register the ASPSP configuration
2018-09-22 16:11:47.109  INFO 70257 --- [           main] i.g.bonigarcia.wdm.WebDriverManager      : Using chromedriver 2.41 (since Google Chrome 69 is installed in your machine)
2018-09-22 16:11:47.111  INFO 70257 --- [           main] i.g.bonigarcia.wdm.WebDriverManager      : Exporting webdriver.chrome.driver as /Users/athemistou/.m2/repository/webdriver/chromedriver/mac64/2.41/chromedriver
2018-09-22 16:11:53.194  INFO 70257 --- [ null to remote] o.o.selenium.remote.ProtocolHandshake    : Detected dialect: OSS
2018-09-22 16:11:53.209 DEBUG 70257 --- [           main] c.f.o.e.t.a.p.PaymentRequestsController  : Get an access token via the client credential flow
2018-09-22 16:11:53.210 DEBUG 70257 --- [           main] c.f.o.e.t.services.JwkManagementService  : Sign claims {"sub":"1b05a200-5f1e-419c-af2a-e79005329480","aud":"https:\/\/matls.as.aspsp.ob.forgerock.financial\/oauth2\/openbanking","exp":1537629713}
2018-09-22 16:11:53.363 DEBUG 70257 --- [           main] c.f.o.e.t.s.aspsp.as.AspspAsService      : We authenticate to the AS via the client authentication JWT
2018-09-22 16:11:53.364 DEBUG 70257 --- [           main] c.f.o.e.t.s.aspsp.as.AspspAsService      : Client credential JWT : 'eyJraWQiOiI0ZjhlM2YzNy1mZmUxLTQ1ZDItYmQ1MS0wMDlhMzg0YzgwYWQiLCJhbGciOiJSUzI1NiJ9.eyJzdWIiOiIxYjA1YTIwMC01ZjFlLTQxOWMtYWYyYS1lNzkwMDUzMjk0ODAiLCJhdWQiOiJodHRwczpcL1wvbWF0bHMuYXMuYXNwc3Aub2IuZm9yZ2Vyb2NrLmZpbmFuY2lhbFwvb2F1dGgyXC9vcGVuYmFua2luZyIsImlzcyI6IjFiMDVhMjAwLTVmMWUtNDE5Yy1hZjJhLWU3OTAwNTMyOTQ4MCIsImV4cCI6MTUzNzYyOTcxMywiaWF0IjoxNTM3NjI5MTEzLCJqdGkiOiI4NDI0ODkxOC01YjdmLTRhZjYtYjM3Yi0yZWQzYjQ2NzE4ZjIifQ.rMdrZ-z937uwF-0JOU7TMH28SCSYgLcX570qpzgsK3uNWmVNGN3u2ryMePMXO_KXmF8BErmbTZIglMrB52kWF2bxsB40ik3Xi-6PSSDsRLBy5bfap6XU0_Rc5icNac2X2_MJw6npO-fa9fyHeCKyjawiY9RvdVZGoE6ezYgxsMIiE2aQfbEp1071LahdnTr_AKcujNrG5WklGAeUAN9EuLSoMachv7AX0SZMPaXAkf39-1iB7nPaTU2VLLy6Wz0UCrZwaIuWM20JtsXVoblsFfHYe3Nx0507bkatYm9PnymCcwi7x4gogMYcxtcbLSQhJInhhN78OgOOVtKHdz6_BQ'
2018-09-22 16:11:53.972 DEBUG 70257 --- [           main] c.f.o.e.t.a.p.PaymentRequestsController  : Received access token 'eyJ0eXAiOiJKV1QiLCJ6aXAiOiJOT05FIiwia2lkIjoiRm9sN0lwZEtlTFptekt0Q0VnaTFMRGhTSXpNPSIsImFsZyI6IkVTMjU2In0.eyJzdWIiOiIxYjA1YTIwMC01ZjFlLTQxOWMtYWYyYS1lNzkwMDUzMjk0ODAiLCJhdWRpdFRyYWNraW5nSWQiOiJmNTliNGI2NS1kYjZjLTQ3MzQtOTQyMC1lZWVmODY4M2ExYzYiLCJpc3MiOiJodHRwczovL21hdGxzLmFzLmFzcHNwLm9iLmZvcmdlcm9jay5maW5hbmNpYWwvb2F1dGgyL29wZW5iYW5raW5nIiwidG9rZW5OYW1lIjoiYWNjZXNzX3Rva2VuIiwidG9rZW5fdHlwZSI6IkJlYXJlciIsImF1dGhHcmFudElkIjoiYWE1ODUyZjktMDg2Ny00YzZhLTg0ZGItNWJkNTg5MTZjOWZmIiwiYXVkIjoiMWIwNWEyMDAtNWYxZS00MTljLWFmMmEtZTc5MDA1MzI5NDgwIiwibmJmIjoxNTM3NjI5MTEzLCJncmFudF90eXBlIjoiY2xpZW50X2NyZWRlbnRpYWxzIiwic2NvcGUiOlsib3BlbmlkIiwicGF5bWVudHMiLCJhY2NvdW50cyJdLCJhdXRoX3RpbWUiOjE1Mzc2MjkxMTMsInJlYWxtIjoiL29wZW5iYW5raW5nIiwiZXhwIjoxNTM3NzE1NTEzLCJpYXQiOjE1Mzc2MjkxMTMsImV4cGlyZXNfaW4iOjg2NDAwLCJqdGkiOiI0MzRmOTFhNi05MmQ2LTRhNTUtYmNlNC1kNWFiMzE4NmNmN2YifQ.6XgG3PRydnsLgAmR73iiQICRAe03IGSYQU70r6RKwOwLSrDIr7A4eayWR-mscrxZmd0yLN98GktT83tT_PKW6g'
2018-09-22 16:11:53.972 DEBUG 70257 --- [           main] c.f.o.e.t.a.p.PaymentRequestsController  : Register the payment to the RS
2018-09-22 16:11:54.697  INFO 70257 --- [       Thread-3] o.s.b.a.mongo.embedded.EmbeddedMongo     : 2018-09-22T16:11:54.696+0100 I COMMAND  [conn2] command test.paymentSetup command: insert { insert: "paymentSetup", ordered: true, documents: [ { _id: ObjectId('5ba65bba624d12127184159b'), paymentId: "P0ff93865-2470-4a67-bb36-adeaba39a598", financialId: "0015800001041REAAY", paymentSetupRequest: { data: { initiation: { instructionIdentification: "0015800001041REAAY", endToEndIdentification: "FRESCO.21302.GFX.20", instructedAmount: { amount: "165.88", currency: "GBP" }, creditorAccount: { schemeName: "SortCodeAccountNumber", identification: "08080021325698", name: "ACME Inc" }, remittanceInformation: { unstructured: "Internal ops code 5120101", reference: "FRESCO-101" } } }, risk: { paymentContextCode: "EcommerceGoods", merchantCategoryCode: "5967", merchantCustomerIdentification: "053598653254", deliveryAddress: { addressLine: [ "Flat 7", "Acacia Lodge" ], streetName: "Acacia Avenue", buildingNumber: "27", postCode: "GU31 2ZZ", townName: "Sparsholt", countrySubDivision: [ "Wessex" ], country: "UK" } } }, paymentSetupResponse: { data: { paymentId: "P0ff93865-2470-4a67-bb36-adeaba39a598", status: "ACCEPTED_TECHNICAL_VALIDATION", creationDateTime: new Date(1537629114000), initiation: { instructionIdentification: "0015800001041REAAY", endToEndIdentification: "FRESCO.21302.GFX.20", instructedAmount: { amount: "165.88", currency: "GBP" }, creditorAccount: { schemeName: "SortCodeAccountNumber", identification: "08080021325698", name: "ACME Inc" }, remittanceInformation: { unstructured: "Internal ops code 5120101", reference: "FRESCO-101" } } }, risk: { paymentContextCode: "EcommerceGoods", merchantCategoryCode: "5967", merchantCustomerIdentification: "053598653254", deliveryAddress: { addressLine: [ "Flat 7", "Acacia Lodge" ], streetName: "Acacia Avenue", buildingNumber: "27", postCode: "GU31 2ZZ", townName: "Sparsholt", countrySubDivision: [ "Wessex" ], country: "UK" } } }, idempotencyKey: "c2f7a6c2-bed3-4d94-9992-64ad38442fb0", interactionId: "c2f7a6c2-bed3-4d94-9992-64ad38442fb0", _class: "com.forgerock.openbanking.exercise.tpp.model.payment.PaymentSetup" } ] } ninserted:1 keyUpdates:0 writeConflicts:0 numYields:0 reslen:40 locks:{ Global: { acquireCount: { r: 2, w: 2 } }, Database: { acquireCount: { w: 1, W: 1 } }, Collection: { acquireCount: { w: 1, W: 1 } } } protocol:op_query 124ms
2018-09-22 16:11:54.698 DEBUG 70257 --- [           main] c.f.o.e.t.a.p.PaymentRequestsController  : The received payment ID 'P0ff93865-2470-4a67-bb36-adeaba39a598'
2018-09-22 16:11:54.700 DEBUG 70257 --- [           main] c.f.o.e.t.s.aspsp.as.AspspAsService      : Generate a request parameter for the intent ID 'P0ff93865-2470-4a67-bb36-adeaba39a598', state '5ba65bb9624d12127184159a' and nonce '5ba65bb9624d12127184159a'
2018-09-22 16:11:54.700 DEBUG 70257 --- [           main] c.f.o.e.t.services.JwkManagementService  : Sign claims {"aud":"https:\/\/matls.as.aspsp.ob.forgerock.financial\/oauth2\/openbanking","scope":"accounts openid payments","claims":{"id_token":{"acr":{"value":"urn:openbanking:psd2:sca","essential":true},"openbanking_intent_id":{"value":"P0ff93865-2470-4a67-bb36-adeaba39a598","essential":true}},"userinfo":{"openbanking_intent_id":{"value":"P0ff93865-2470-4a67-bb36-adeaba39a598","essential":true}}},"response_type":"code id_token","redirect_uri":"https:\/\/localhost","state":"5ba65bb9624d12127184159a","exp":1537632714,"nonce":"5ba65bb9624d12127184159a","client_id":"1b05a200-5f1e-419c-af2a-e79005329480"}
2018-09-22 16:11:54.842 DEBUG 70257 --- [           main] c.f.o.e.t.s.aspsp.as.AspspAsService      : Request parameter JWS : 'eyJraWQiOiI0ZjhlM2YzNy1mZmUxLTQ1ZDItYmQ1MS0wMDlhMzg0YzgwYWQiLCJhbGciOiJSUzI1NiJ9.eyJhdWQiOiJodHRwczpcL1wvbWF0bHMuYXMuYXNwc3Aub2IuZm9yZ2Vyb2NrLmZpbmFuY2lhbFwvb2F1dGgyXC9vcGVuYmFua2luZyIsInNjb3BlIjoiYWNjb3VudHMgb3BlbmlkIHBheW1lbnRzIiwiY2xhaW1zIjp7ImlkX3Rva2VuIjp7ImFjciI6eyJ2YWx1ZSI6InVybjpvcGVuYmFua2luZzpwc2QyOnNjYSIsImVzc2VudGlhbCI6dHJ1ZX0sIm9wZW5iYW5raW5nX2ludGVudF9pZCI6eyJ2YWx1ZSI6IlAwZmY5Mzg2NS0yNDcwLTRhNjctYmIzNi1hZGVhYmEzOWE1OTgiLCJlc3NlbnRpYWwiOnRydWV9fSwidXNlcmluZm8iOnsib3BlbmJhbmtpbmdfaW50ZW50X2lkIjp7InZhbHVlIjoiUDBmZjkzODY1LTI0NzAtNGE2Ny1iYjM2LWFkZWFiYTM5YTU5OCIsImVzc2VudGlhbCI6dHJ1ZX19fSwiaXNzIjoiMWIwNWEyMDAtNWYxZS00MTljLWFmMmEtZTc5MDA1MzI5NDgwIiwicmVzcG9uc2VfdHlwZSI6ImNvZGUgaWRfdG9rZW4iLCJyZWRpcmVjdF91cmkiOiJodHRwczpcL1wvbG9jYWxob3N0Iiwic3RhdGUiOiI1YmE2NWJiOTYyNGQxMjEyNzE4NDE1OWEiLCJleHAiOjE1Mzc2MzI3MTQsIm5vbmNlIjoiNWJhNjViYjk2MjRkMTIxMjcxODQxNTlhIiwiaWF0IjoxNTM3NjI5MTE0LCJjbGllbnRfaWQiOiIxYjA1YTIwMC01ZjFlLTQxOWMtYWYyYS1lNzkwMDUzMjk0ODAiLCJqdGkiOiIyOTRhY2VjYS0wZTE4LTRmNWUtYTBkNi0zMjQ0OGUwNTQ2MTEifQ.MtYuWtJ34K-kidjcSpB6nZJu-rvTc25OEa705VvUaNEiLh_6gyhJLgUCeH4AQgHVFCDmbW1LVw5a-QIrtwyG7iZdE4gCJKJ3Xfk8EwO3rA7uiw_NXRLlCN5A0Q5u2YqledDFoKFxanBAolJEoT3A2JCaXoWrrLwS_c2eHero8Nauw4icQyc7EWLuoQdRorhOPzX8fABERzxrFIAd0JBn-twVLWTKLF3wdC27wvM5QV9QevWals3T-V55wn4A7cIqc8mEs3ErPCB9MawSuTfDPmF2pkgKYiq-jg4QOxlmAERdpFedCR1ZAz3bxA_k008lVEXf2g9gEO3k5EZG3mprpQ'
2018-09-22 16:11:54.842 DEBUG 70257 --- [           main] c.f.o.e.t.services.JwkManagementService  : Sign claims {"aud":"https:\/\/matls.as.aspsp.ob.forgerock.financial\/oauth2\/openbanking","scope":"accounts openid payments","claims":{"id_token":{"acr":{"value":"urn:openbanking:psd2:sca","essential":true},"openbanking_intent_id":{"value":"P0ff93865-2470-4a67-bb36-adeaba39a598","essential":true}},"userinfo":{"openbanking_intent_id":{"value":"P0ff93865-2470-4a67-bb36-adeaba39a598","essential":true}}},"response_type":"code id_token","redirect_uri":"https:\/\/localhost","state":"5ba65bb9624d12127184159a","exp":1537632714,"nonce":"5ba65bb9624d12127184159a","client_id":"1b05a200-5f1e-419c-af2a-e79005329480"}
2018-09-22 16:11:54.967 DEBUG 70257 --- [           main] c.f.o.e.t.a.p.PaymentRequestsController  : Start the hybrid flow with the following request param 'eyJraWQiOiI0ZjhlM2YzNy1mZmUxLTQ1ZDItYmQ1MS0wMDlhMzg0YzgwYWQiLCJhbGciOiJSUzI1NiJ9.eyJhdWQiOiJodHRwczpcL1wvbWF0bHMuYXMuYXNwc3Aub2IuZm9yZ2Vyb2NrLmZpbmFuY2lhbFwvb2F1dGgyXC9vcGVuYmFua2luZyIsInNjb3BlIjoiYWNjb3VudHMgb3BlbmlkIHBheW1lbnRzIiwiY2xhaW1zIjp7ImlkX3Rva2VuIjp7ImFjciI6eyJ2YWx1ZSI6InVybjpvcGVuYmFua2luZzpwc2QyOnNjYSIsImVzc2VudGlhbCI6dHJ1ZX0sIm9wZW5iYW5raW5nX2ludGVudF9pZCI6eyJ2YWx1ZSI6IlAwZmY5Mzg2NS0yNDcwLTRhNjctYmIzNi1hZGVhYmEzOWE1OTgiLCJlc3NlbnRpYWwiOnRydWV9fSwidXNlcmluZm8iOnsib3BlbmJhbmtpbmdfaW50ZW50X2lkIjp7InZhbHVlIjoiUDBmZjkzODY1LTI0NzAtNGE2Ny1iYjM2LWFkZWFiYTM5YTU5OCIsImVzc2VudGlhbCI6dHJ1ZX19fSwiaXNzIjoiMWIwNWEyMDAtNWYxZS00MTljLWFmMmEtZTc5MDA1MzI5NDgwIiwicmVzcG9uc2VfdHlwZSI6ImNvZGUgaWRfdG9rZW4iLCJyZWRpcmVjdF91cmkiOiJodHRwczpcL1wvbG9jYWxob3N0Iiwic3RhdGUiOiI1YmE2NWJiOTYyNGQxMjEyNzE4NDE1OWEiLCJleHAiOjE1Mzc2MzI3MTQsIm5vbmNlIjoiNWJhNjViYjk2MjRkMTIxMjcxODQxNTlhIiwiaWF0IjoxNTM3NjI5MTE0LCJjbGllbnRfaWQiOiIxYjA1YTIwMC01ZjFlLTQxOWMtYWYyYS1lNzkwMDUzMjk0ODAiLCJqdGkiOiI0YTEyYjljYy0yOTkyLTRjMWYtYmYxZS05Mzc1NjRiZDExNTIifQ.K0Vq0_TddqwsAaSNlxOGNkGpRPkO_ND7jED3spdZhqpo-wiEmIMCl742Ipn4mjOmG2AZGhXav04yxTJyr_w9uZd-g4hFQOIw-IfedcLVV5R6-Qw4ULuc5AbR7RAOxWvoDDZkmEJko3aV9iQD028C86txQNIjXoPY4P8Tx4NN54jL983Ejka0spGEmSHLqdzaUI4aYTw9Gga0W_VqJp3HJr_JSQ2RfgRNJsnwzVjuZR-FIVjtDtr5WfzWOUZ3LihcEZlRQxFuXdJ85y98rGi5c5LHJ7OgnsPN9SlOmGJTY_vC2y7HJ2PsDBnOx0a9s_LKNzgoPl7daSzicmGG2f2dxA'
2018-09-22 16:11:54.967 DEBUG 70257 --- [           main] c.f.o.e.t.s.aspsp.as.AspspAsService      : Start the hybrid flow by redirecting the user to the authorize endpoint
2018-09-22 16:12:20.514 DEBUG 70257 --- [           main] c.f.o.e.t.s.aspsp.as.ASDiscoveryService  : Call the well-known endpoint of the AS https://as.aspsp.ob.forgerock.financial/oauth2/.well-known/openid-configuration
2018-09-22 16:12:20.537 DEBUG 70257 --- [           main] c.f.o.e.t.a.r.TPPRegistrationController  : The OIDC aspsp endpoint: https://as.aspsp.ob.forgerock.financial/oauth2/
2018-09-22 16:12:20.537  INFO 70257 --- [           main] f.o.e.t.s.a.a.ASPSPASRegistrationService : Unregister the TPP to the ASPSP-AS
2018-09-22 16:12:20.715  INFO 70257 --- [           main] f.o.e.t.s.a.a.ASPSPASRegistrationService : Unregister the TPP to the ASPSP-AS
]]></system-out>
    <system-err><![CDATA[Starting ChromeDriver 2.41.578706 (5f725d1b4f0a4acbf5259df887244095596231db) on port 23669
Only local connections are allowed.
]]></system-err>
  </testcase>
</testsuite>